app/build/intermediates/manifest_merge_blame_file/debug/manifest-merger-blame-debug-report.txt
1<?xml version="1.0" encoding="utf-8"?>
2<manifest xmlns:android="http://schemas.android.com/apk/res/android"
3    package="com.azismihsan.admin"
4    android:versionCode="1"
5    android:versionName="1.0" >
6
7    <uses-sdk
8        android:minSdkVersion="21"
8-->src/main/AndroidManifest.xml
9        android:targetSdkVersion="29" />
9-->src/main/AndroidManifest.xml
10
11    <uses-permission android:name="android.permission.ACCESS_NETWORK_STATE" />
11-->[com.google.firebase:firebase-database:16.0.4] AndroidManifest.xml:22:5-79
11-->[com.google.firebase:firebase-database:16.0.4] AndroidManifest.xml:22:22-76
12    <uses-permission android:name="android.permission.INTERNET" />
12-->[com.google.firebase:firebase-database:16.0.4] AndroidManifest.xml:23:5-67
12-->[com.google.firebase:firebase-database:16.0.4] AndroidManifest.xml:23:22-64
13
14    <application
14-->src/main/AndroidManifest.xml:5:5-22:19
15        android:allowBackup="true"
15-->src/main/AndroidManifest.xml:6:9-35
16        android:appComponentFactory="androidx.core.app.CoreComponentFactory"
16-->[androidx.core:core:1.1.0] AndroidManifest.xml:24:18-86
17        android:debuggable="true"
18        android:icon="@mipmap/ic_launcher"
18-->src/main/AndroidManifest.xml:7:9-43
19        android:label="@string/app_name"
19-->src/main/AndroidManifest.xml:8:9-41
20        android:roundIcon="@mipmap/ic_launcher_round"
20-->src/main/AndroidManifest.xml:9:9-54
21        android:supportsRtl="true"
21-->src/main/AndroidManifest.xml:10:9-35
22        android:theme="@style/AppTheme" >
22-->src/main/AndroidManifest.xml:11:9-40
23        <activity android:name="com.azismihsan.admin.UploadActivity" />
23-->src/main/AndroidManifest.xml:12:9-61
23-->src/main/AndroidManifest.xml:12:19-49
24        <activity android:name="com.azismihsan.admin.RegisterActivity" />
24-->src/main/AndroidManifest.xml:13:9-54
24-->src/main/AndroidManifest.xml:13:19-51
25        <activity android:name="com.azismihsan.admin.LoginActivity" />
25-->src/main/AndroidManifest.xml:14:9-51
25-->src/main/AndroidManifest.xml:14:19-48
26        <activity android:name="com.azismihsan.admin.MainActivity" >
26-->src/main/AndroidManifest.xml:15:9-21:20
26-->src/main/AndroidManifest.xml:15:19-47
27            <intent-filter>
27-->src/main/AndroidManifest.xml:16:13-20:29
28                <action android:name="android.intent.action.MAIN" />
28-->src/main/AndroidManifest.xml:17:17-69
28-->src/main/AndroidManifest.xml:17:25-66
29
30                <category android:name="android.intent.category.LAUNCHER" />
30-->src/main/AndroidManifest.xml:19:17-77
30-->src/main/AndroidManifest.xml:19:27-74
31            </intent-filter>
32        </activity>
33        <activity
33-->[com.google.firebase:firebase-auth:16.0.5] AndroidManifest.xml:24:9-31:50
34            android:name="com.google.firebase.auth.internal.FederatedSignInActivity"
34-->[com.google.firebase:firebase-auth:16.0.5] AndroidManifest.xml:25:13-85
35            android:excludeFromRecents="true"
35-->[com.google.firebase:firebase-auth:16.0.5] AndroidManifest.xml:26:13-46
36            android:exported="true"
36-->[com.google.firebase:firebase-auth:16.0.5] AndroidManifest.xml:27:13-36
37            android:launchMode="singleTask"
37-->[com.google.firebase:firebase-auth:16.0.5] AndroidManifest.xml:28:13-44
38            android:permission="com.google.firebase.auth.api.gms.permission.LAUNCH_FEDERATED_SIGN_IN"
38-->[com.google.firebase:firebase-auth:16.0.5] AndroidManifest.xml:29:13-102
39            android:theme="@android:style/Theme.Translucent.NoTitleBar" />
39-->[com.google.firebase:firebase-auth:16.0.5] AndroidManifest.xml:30:13-72
40
41        <service
41-->[com.google.firebase:firebase-auth:16.0.5] AndroidManifest.xml:33:9-39:19
42            android:name="com.google.firebase.components.ComponentDiscoveryService"
42-->[com.google.firebase:firebase-auth:16.0.5] AndroidManifest.xml:34:13-84
43            android:exported="false" >
43-->[com.google.firebase:firebase-auth:16.0.5] AndroidManifest.xml:35:13-37
44            <meta-data
44-->[com.google.firebase:firebase-auth:16.0.5] AndroidManifest.xml:36:13-38:85
45                android:name="com.google.firebase.components:com.google.firebase.auth.FirebaseAuthRegistrar"
45-->[com.google.firebase:firebase-auth:16.0.5] AndroidManifest.xml:37:17-109
46                android:value="com.google.firebase.components.ComponentRegistrar" />
46-->[com.google.firebase:firebase-auth:16.0.5] AndroidManifest.xml:38:17-82
47        </service>
48
49        <activity
49-->[com.google.android.gms:play-services-base:16.0.1] AndroidManifest.xml:23:9-26:75
50            android:name="com.google.android.gms.common.api.GoogleApiActivity"
50-->[com.google.android.gms:play-services-base:16.0.1] AndroidManifest.xml:24:13-79
51            android:exported="false"
51-->[com.google.android.gms:play-services-base:16.0.1] AndroidManifest.xml:25:13-37
52            android:theme="@android:style/Theme.Translucent.NoTitleBar" />
52-->[com.google.android.gms:play-services-base:16.0.1] AndroidManifest.xml:26:13-72
53
54        <provider
54-->[com.google.firebase:firebase-common:16.0.3] AndroidManifest.xml:10:9-14:39
55            android:name="com.google.firebase.provider.FirebaseInitProvider"
55-->[com.google.firebase:firebase-common:16.0.3] AndroidManifest.xml:11:13-77
56            android:authorities="com.azismihsan.admin.firebaseinitprovider"
56-->[com.google.firebase:firebase-common:16.0.3] AndroidManifest.xml:12:13-72
57            android:exported="false"
57-->[com.google.firebase:firebase-common:16.0.3] AndroidManifest.xml:13:13-37
58            android:initOrder="100" />
58-->[com.google.firebase:firebase-common:16.0.3] AndroidManifest.xml:14:13-36
59
60        <meta-data
60-->[com.google.android.gms:play-services-basement:16.1.0] AndroidManifest.xml:23:9-25:69
61            android:name="com.google.android.gms.version"
61-->[com.google.android.gms:play-services-basement:16.1.0] AndroidManifest.xml:24:13-58
62            android:value="@integer/google_play_services_version" />
62-->[com.google.android.gms:play-services-basement:16.1.0] AndroidManifest.xml:25:13-66
63    </application>
64
65</manifest>